[2025-06-29 19:42:50] - [INFO] =====> Demmerage
[2025-06-29 20:41:29] - [INFO] =====> Demmerage
[2025-06-29 20:43:52] - [INFO] =====> Demmerage
[2025-06-30 04:39:58] - [INFO] =====> Demmerage
[2025-06-30 04:43:45] - [INFO] =====> Connexion a la base de donnée...
[2025-06-30 04:43:45] - [INFO] =====> Chargement du fichier de configuration...
[2025-06-30 04:43:45] - [INFO] =====> Reussite de la connexion
[2025-06-30 04:43:45] - [INFO] =====> Tentative de connexion a l'utilisateur Array reussite.
[2025-06-30 04:44:54] - [INFO] =====> Connexion a la base de donnée...
[2025-06-30 04:44:54] - [INFO] =====> Chargement du fichier de configuration...
[2025-06-30 04:44:54] - [INFO] =====> Reussite de la connexion
[2025-06-30 04:44:54] - [INFO] =====> Tentative de connexion a l'utilisateur admin reussite.
[2025-06-30 04:45:41] - [INFO] =====> Connexion a la base de donnée...
[2025-06-30 04:45:41] - [INFO] =====> Chargement du fichier de configuration...
[2025-06-30 04:45:41] - [INFO] =====> Reussite de la connexion
[2025-06-30 04:45:41] - [INFO] =====> Echec de tentative de connexion a l'utilisateur admin
[2025-06-30 05:02:10] - [INFO] =====> Connexion a la base de donnée...
[2025-06-30 05:02:10] - [INFO] =====> Chargement du fichier de configuration...
[2025-06-30 05:02:10] - [INFO] =====> Reussite de la connexion
[2025-06-30 05:02:10] - [INFO] =====> Echec de tentative de connexion a l'utilisateur admin
[2025-06-30 05:02:21] - [INFO] =====> Connexion a la base de donnée...
[2025-06-30 05:02:21] - [INFO] =====> Chargement du fichier de configuration...
[2025-06-30 05:02:21] - [INFO] =====> Reussite de la connexion
[2025-06-30 05:02:21] - [INFO] =====> Tentative de connexion a l'utilisateur admin reussite.
[2025-07-01 01:11:43] - [INFO] =====> Demmerage
[2025-07-01 01:12:05] - [INFO] =====> Connexion a la base de donnée...
[2025-07-01 01:12:05] - [INFO] =====> Chargement du fichier de configuration...
[2025-07-01 01:12:05] - [INFO] =====> Reussite de la connexion
[2025-07-01 01:12:05] - [INFO] =====> Tentative de connexion a l'utilisateur admin reussite.
[2025-07-01 01:40:33] - [INFO] =====> Demmerage
[2025-07-01 01:40:51] - [INFO] =====> Connexion a la base de donnée...
[2025-07-01 01:40:51] - [INFO] =====> Chargement du fichier de configuration...
[2025-07-01 01:40:51] - [INFO] =====> Reussite de la connexion
[2025-07-01 01:40:52] - [INFO] =====> Tentative de connexion a l'utilisateur admin reussite.
